<?xml version="1.0" encoding="UTF-8"?>
<!-- Generated by org.testng.reporters.JUnitXMLReporter -->
<testsuite ignored="0" hostname="DESKTOP" failures="0" tests="3" name="Sample test" time="14.546" errors="0" timestamp="14 דצמ׳ 2020 10:14:59 GMT">
  <testcase classname="TestMain.TestNg" name="TestButttonLinkGooglePage" time="0.108"/>
  <testcase classname="TestMain.TestNg" name="TestImagesLinkGooglePage" time="0.113"/>
  <testcase classname="TestMain.TestNg" name="testSearchItems" time="5.158"/>
</testsuite> <!-- Sample test -->
