<?xml version="1.0" encoding="UTF-8"?>
<testng-results ignored="0" total="3" passed="3" failed="0" skipped="0">
  <reporter-output>
  </reporter-output>
  <suite started-at="2020-12-14T10:14:45Z" name="GRID SAMPLE TEST" finished-at="2020-12-14T10:14:59Z" duration-ms="14546">
    <groups>
    </groups>
    <test started-at="2020-12-14T10:14:45Z" name="Sample test" finished-at="2020-12-14T10:14:59Z" duration-ms="14546">
      <class name="TestMain.TestNg">
        <test-method is-config="true" signature="beforeMethod(java.lang.String)[pri:0, instance:TestMain.TestNg@2bbaf4f0]" started-at="2020-12-14T10:14:45Z" name="beforeMethod" finished-at="2020-12-14T10:14:53Z" duration-ms="8663" status="PASS">
          <params>
            <param index="0">
              <value>
                <![CDATA[Chrome]]>
              </value>
            </param>
          </params>
          <reporter-output>
          </reporter-output>
        </test-method> <!-- beforeMethod -->
        <test-method signature="TestButttonLinkGooglePage()[pri:0, instance:TestMain.TestNg@2bbaf4f0]" started-at="2020-12-14T10:14:53Z" name="TestButttonLinkGooglePage" finished-at="2020-12-14T10:14:53Z" duration-ms="108" status="PASS">
          <reporter-output>
          </reporter-output>
        </test-method> <!-- TestButttonLinkGooglePage -->
        <test-method signature="testSearchItems()[pri:0, instance:TestMain.TestNg@2bbaf4f0]" started-at="2020-12-14T10:14:53Z" name="testSearchItems" finished-at="2020-12-14T10:14:59Z" duration-ms="5158" status="PASS">
          <reporter-output>
          </reporter-output>
        </test-method> <!-- testSearchItems -->
        <test-method signature="TestImagesLinkGooglePage()[pri:0, instance:TestMain.TestNg@2bbaf4f0]" started-at="2020-12-14T10:14:53Z" name="TestImagesLinkGooglePage" finished-at="2020-12-14T10:14:53Z" duration-ms="113" status="PASS">
          <reporter-output>
          </reporter-output>
        </test-method> <!-- TestImagesLinkGooglePage -->
        <test-method is-config="true" signature="tearDown()[pri:0, instance:TestMain.TestNg@2bbaf4f0]" started-at="2020-12-14T10:14:59Z" name="tearDown" finished-at="2020-12-14T10:14:59Z" duration-ms="697" status="PASS">
          <reporter-output>
          </reporter-output>
        </test-method> <!-- tearDown -->
      </class> <!-- TestMain.TestNg -->
    </test> <!-- Sample test -->
  </suite> <!-- GRID SAMPLE TEST -->
</testng-results>
