<?xml version="1.0" encoding="UTF-8"?>
<testng-results ignored="0" total="2" passed="2" failed="0" skipped="0">
  <reporter-output>
  </reporter-output>
  <suite started-at="2020-12-23T06:48:49Z" name="GRID SAMPLE TEST" finished-at="2020-12-23T06:49:04Z" duration-ms="15431">
    <groups>
    </groups>
    <test started-at="2020-12-23T06:48:49Z" name="Sample test" finished-at="2020-12-23T06:49:04Z" duration-ms="15431">
      <class name="TestMain.TestNg">
        <test-method is-config="true" signature="beforeMethod(java.lang.String)[pri:0, instance:TestMain.TestNg@33cb5951]" started-at="2020-12-23T06:48:49Z" name="beforeMethod" finished-at="2020-12-23T06:48:58Z" duration-ms="9733" status="PASS">
          <params>
            <param index="0">
              <value>
                <![CDATA[Chrome]]>
              </value>
            </param>
          </params>
          <reporter-output>
          </reporter-output>
        </test-method> <!-- beforeMethod -->
        <test-method signature="TestImagesLinkGooglePage(java.lang.String)[pri:0, instance:TestMain.TestNg@33cb5951]" started-at="2020-12-23T06:48:58Z" name="TestImagesLinkGooglePage" finished-at="2020-12-23T06:48:58Z" duration-ms="122" status="PASS">
          <params>
            <param index="0">
              <value>
                <![CDATA[חיפוש תמונות]]>
              </value>
            </param>
          </params>
          <reporter-output>
          </reporter-output>
        </test-method> <!-- TestImagesLinkGooglePage -->
        <test-method signature="testSearchItems(int)[pri:0, instance:TestMain.TestNg@33cb5951]" started-at="2020-12-23T06:48:58Z" name="testSearchItems" finished-at="2020-12-23T06:49:04Z" duration-ms="5243" status="PASS">
          <params>
            <param index="0">
              <value>
                <![CDATA[13]]>
              </value>
            </param>
          </params>
          <reporter-output>
          </reporter-output>
        </test-method> <!-- testSearchItems -->
        <test-method is-config="true" signature="tearDown()[pri:0, instance:TestMain.TestNg@33cb5951]" started-at="2020-12-23T06:49:04Z" name="tearDown" finished-at="2020-12-23T06:49:04Z" duration-ms="414" status="PASS">
          <reporter-output>
          </reporter-output>
        </test-method> <!-- tearDown -->
      </class> <!-- TestMain.TestNg -->
    </test> <!-- Sample test -->
  </suite> <!-- GRID SAMPLE TEST -->
</testng-results>
